[INFO  - 2014-07-01T11:13:30.628Z] GhostDriver - Main - running on port 4475
[INFO  - 2014-07-01T11:13:30.896Z] Session [bbbf04c0-0110-11e4-bf00-7b0d34126b61] - CONSTRUCTOR - Desired Capabilities: {"platform":"ANY","browserName":"firefox","version":""}
[INFO  - 2014-07-01T11:13:30.897Z] Session [bbbf04c0-0110-11e4-bf00-7b0d34126b61] - CONSTRUCTOR - Negotiated Capabilities: {"browserName":"phantomjs","version":"1.9.1","driverName":"ghostdriver","driverVersion":"1.0.3","platform":"windows-7-32bit","javascriptEnabled":true,"takesScreenshot":true,"handlesAlerts":false,"databaseEnabled":false,"locationContextEnabled":false,"applicationCacheEnabled":false,"browserConnectionEnabled":false,"cssSelectorsEnabled":true,"webStorageEnabled":false,"rotatable":false,"acceptSslCerts":false,"nativeEvents":true,"proxy":{"proxyType":"direct"}}
[INFO  - 2014-07-01T11:13:30.897Z] SessionManagerReqHand - _postNewSessionCommand - New Session Created: bbbf04c0-0110-11e4-bf00-7b0d34126b61
[INFO  - 2014-07-01T11:13:36.066Z] ShutdownReqHand - _handle - About to shutdown
[INFO  - 2014-07-01T11:30:03.647Z] GhostDriver - Main - running on port 35411
[INFO  - 2014-07-01T11:30:04.350Z] Session [0be411a0-0113-11e4-80ca-0526a9ab0fad] - CONSTRUCTOR - Desired Capabilities: {"platform":"ANY","browserName":"firefox","version":""}
[INFO  - 2014-07-01T11:30:04.350Z] Session [0be411a0-0113-11e4-80ca-0526a9ab0fad] - CONSTRUCTOR - Negotiated Capabilities: {"browserName":"phantomjs","version":"1.9.1","driverName":"ghostdriver","driverVersion":"1.0.3","platform":"windows-7-32bit","javascriptEnabled":true,"takesScreenshot":true,"handlesAlerts":false,"databaseEnabled":false,"locationContextEnabled":false,"applicationCacheEnabled":false,"browserConnectionEnabled":false,"cssSelectorsEnabled":true,"webStorageEnabled":false,"rotatable":false,"acceptSslCerts":false,"nativeEvents":true,"proxy":{"proxyType":"direct"}}
[INFO  - 2014-07-01T11:30:04.350Z] SessionManagerReqHand - _postNewSessionCommand - New Session Created: 0be411a0-0113-11e4-80ca-0526a9ab0fad
[INFO  - 2014-07-01T11:30:09.327Z] ShutdownReqHand - _handle - About to shutdown
[INFO  - 2014-07-01T11:30:10.744Z] GhostDriver - Main - running on port 29924
[INFO  - 2014-07-01T11:30:10.852Z] Session [0fc43200-0113-11e4-9ff2-8b7425bbe286] - CONSTRUCTOR - Desired Capabilities: {"platform":"ANY","browserName":"firefox","version":""}
[INFO  - 2014-07-01T11:30:10.852Z] Session [0fc43200-0113-11e4-9ff2-8b7425bbe286] - CONSTRUCTOR - Negotiated Capabilities: {"browserName":"phantomjs","version":"1.9.1","driverName":"ghostdriver","driverVersion":"1.0.3","platform":"windows-7-32bit","javascriptEnabled":true,"takesScreenshot":true,"handlesAlerts":false,"databaseEnabled":false,"locationContextEnabled":false,"applicationCacheEnabled":false,"browserConnectionEnabled":false,"cssSelectorsEnabled":true,"webStorageEnabled":false,"rotatable":false,"acceptSslCerts":false,"nativeEvents":true,"proxy":{"proxyType":"direct"}}
[INFO  - 2014-07-01T11:30:10.852Z] SessionManagerReqHand - _postNewSessionCommand - New Session Created: 0fc43200-0113-11e4-9ff2-8b7425bbe286
[INFO  - 2014-07-01T11:30:12.413Z] ShutdownReqHand - _handle - About to shutdown
[INFO  - 2014-07-01T11:30:13.838Z] GhostDriver - Main - running on port 2659
[INFO  - 2014-07-01T11:30:14.437Z] Session [11e73910-0113-11e4-a4dd-9d0b7f364788] - CONSTRUCTOR - Desired Capabilities: {"platform":"ANY","browserName":"firefox","version":""}
[INFO  - 2014-07-01T11:30:14.437Z] Session [11e73910-0113-11e4-a4dd-9d0b7f364788] - CONSTRUCTOR - Negotiated Capabilities: {"browserName":"phantomjs","version":"1.9.1","driverName":"ghostdriver","driverVersion":"1.0.3","platform":"windows-7-32bit","javascriptEnabled":true,"takesScreenshot":true,"handlesAlerts":false,"databaseEnabled":false,"locationContextEnabled":false,"applicationCacheEnabled":false,"browserConnectionEnabled":false,"cssSelectorsEnabled":true,"webStorageEnabled":false,"rotatable":false,"acceptSslCerts":false,"nativeEvents":true,"proxy":{"proxyType":"direct"}}
[INFO  - 2014-07-01T11:30:14.437Z] SessionManagerReqHand - _postNewSessionCommand - New Session Created: 11e73910-0113-11e4-a4dd-9d0b7f364788
[INFO  - 2014-07-01T11:30:26.504Z] ShutdownReqHand - _handle - About to shutdown
